Changed database context to 'RetailStaging'.
Dropping Check Constraint unnamed constraint on [dbo].[DimDate]...
Dropping Check Constraint unnamed constraint on [dbo].[DimProduct]...
Dropping Check Constraint unnamed constraint on [dbo].[DimSalesRep]...
Dropping Check Constraint unnamed constraint on [dbo].[DimStore]...
Dropping Check Constraint unnamed constraint on [dbo].[DimCustomer]...
Dropping Check Constraint unnamed constraint on [dbo].[DimCustomer]...
Creating Check Constraint unnamed constraint on [dbo].[DimDate]...
Creating Check Constraint unnamed constraint on [dbo].[DimProduct]...
Creating Check Constraint unnamed constraint on [dbo].[DimSalesRep]...
Creating Check Constraint unnamed constraint on [dbo].[DimStore]...
Creating Check Constraint unnamed constraint on [dbo].[DimCustomer]...
Creating Check Constraint unnamed constraint on [dbo].[DimCustomer]...
Checking existing data against newly created constraints
Changed database context to 'RetailStaging'.
Checking constraint: CK__DimDate__SourceS__2739D489 [dbo].[DimDate]
Checking constraint: CK__DimProduc__Sourc__282DF8C2 [dbo].[DimProduct]
Checking constraint: CK__DimSalesR__Sourc__29221CFB [dbo].[DimSalesRep]
Checking constraint: CK__DimStore__Source__2A164134 [dbo].[DimStore]
Checking constraint: CK__DimCustom__Gende__2B0A656D [dbo].[DimCustomer]
Checking constraint: CK__DimCustom__Sourc__2BFE89A6 [dbo].[DimCustomer]
                                                                                                                                                                                                                                                                                                                                                                                                                                                                                                                                                                                                                                                                                                                                                                                                                                 
---------------------------------------------------------------------------------------------------------------------------------------------------------------------------------------------------------------------------------------------------------------------------------------------------------------------------------------------------------------------------------------------------------------------------------------------------------------------------------------------------------------------------------------------------------------------------------------------------------------------------------------------------------------------------------------------------------------------------------------------------------------------------------------------------------------------------------
Update complete.
